<?xml version="1.0" encoding="UTF-8"?>
<testsuite name="TestAmazonApp-20230830214003" tests="1" file=".py" time="44.773" timestamp="2023-08-30T21:40:48" failures="0" errors="1" skipped="0">
	<testcase classname="TestAmazonApp" name="test_add_to_cart" time="44.773" timestamp="2023-08-30T21:40:48" file="amazon_test.py" line="64">
		<error type="AttributeError" message="'AmazonApp' object has no attribute 'wait'"><![CDATA[Traceback (most recent call last):
  File "C:\Users\Lenovo\OneDrive - bridgeaxis.com\Documents\Graffitecs task\amazon_test.py", line 67, in test_add_to_cart
    self.app.product_interaction()
  File "C:\Users\Lenovo\OneDrive - bridgeaxis.com\Documents\Graffitecs task\amazon_app.py", line 93, in product_interaction
    search_bar = self.wait.until(EC.presence_of_element_located((By.ID, "com.amazon.mShop.android.shopping:id/rs_search_src_text")))
                 ^^^^^^^^^
AttributeError: 'AmazonApp' object has no attribute 'wait'
]]></error>
	</testcase>
</testsuite>
